Base path: /Applications/Unity/Hub/Editor/2018.3.6f1/Unity.app/Contents
Cmd: initializeCompiler
Cmd: compileComputeKernel
  api=14 insize=14379 outsize=31145 ok=1
Cmd: compileComputeKernel
  api=14 insize=14379 outsize=52457 ok=1
Cmd: compileComputeKernel
  api=14 insize=14379 outsize=42621 ok=1
Cmd: compileComputeKernel
  api=14 insize=14379 outsize=82973 ok=1
Cmd: compileComputeKernel
  api=14 insize=14379 outsize=54841 ok=1
Cmd: compileComputeKernel
  api=14 insize=14379 outsize=72213 ok=1
Cmd: compileComputeKernel
  api=14 insize=14379 outsize=75129 ok=1
Cmd: translateComputeKernel
  api=14 insize=52365 outsize=102013 ok=1
Cmd: translateComputeKernel
  api=14 insize=60249 outsize=120705 ok=1
Cmd: translateComputeKernel
  api=14 insize=54953 outsize=106945 ok=1
Cmd: translateComputeKernel
  api=14 insize=56009 outsize=110537 ok=1
Cmd: translateComputeKernel
  api=14 insize=60465 outsize=120577 ok=1
Cmd: translateComputeKernel
  api=14 insize=54805 outsize=106309 ok=1
Cmd: translateComputeKernel
  api=14 insize=47661 outsize=92345 ok=1
Cmd: translateComputeKernel
  api=14 insize=42389 outsize=78841 ok=1
Cmd: translateComputeKernel
  api=14 insize=72929 outsize=153729 ok=1
Cmd: translateComputeKernel
  api=14 insize=75845 outsize=159453 ok=1
Cmd: compileComputeKernel
  api=14 insize=26814 outsize=17661 ok=1
Cmd: translateComputeKernel
  api=14 insize=17865 outsize=34773 ok=1
Cmd: compileComputeKernel
  api=14 insize=10881 outsize=11297 ok=1
Cmd: translateComputeKernel
  api=14 insize=10553 outsize=18425 ok=1
Cmd: compileComputeKernel
  api=14 insize=4845 outsize=5141 ok=1
Cmd: compileComputeKernel
  api=14 insize=18299 outsize=9397 ok=1
Cmd: translateComputeKernel
  api=14 insize=9405 outsize=16213 ok=1
Cmd: translateComputeKernel
  api=14 insize=11797 outsize=25505 ok=1
Cmd: compileComputeKernel
  api=14 insize=19063 outsize=15925 ok=1
Cmd: translateComputeKernel
  api=14 insize=16617 outsize=33969 ok=1
Cmd: compileComputeKernel
  api=14 insize=5435 outsize=7001 ok=1
Cmd: compileComputeKernel
  api=14 insize=21751 outsize=22297 ok=1
Cmd: compileComputeKernel
  api=14 insize=34758 outsize=44645 ok=1
Cmd: compileComputeKernel
  api=14 insize=34758 outsize=43689 ok=1
Cmd: translateComputeKernel
  api=14 insize=44249 outsize=88713 ok=1
Cmd: translateComputeKernel
  api=14 insize=45165 outsize=90381 ok=1
Cmd: compileComputeKernel
  api=14 insize=8350 outsize=2405 ok=1
Cmd: compileComputeKernel
  api=14 insize=16866 outsize=7169 ok=1
Cmd: compileComputeKernel
  api=14 insize=16866 outsize=8081 ok=1
Cmd: compileComputeKernel
  api=14 insize=16866 outsize=7821 ok=1
Cmd: compileComputeKernel
  api=14 insize=16866 outsize=9789 ok=1
Cmd: compileComputeKernel
  api=14 insize=16866 outsize=8621 ok=1
Cmd: compileComputeKernel
  api=14 insize=16866 outsize=9221 ok=1
Cmd: compileComputeKernel
  api=14 insize=16866 outsize=11233 ok=1
Cmd: compileComputeKernel
  api=14 insize=16866 outsize=12465 ok=1
Cmd: translateComputeKernel
  api=14 insize=7245 outsize=13237 ok=1
Cmd: translateComputeKernel
  api=14 insize=7809 outsize=13981 ok=1
Cmd: translateComputeKernel
  api=14 insize=9797 outsize=17941 ok=1
Cmd: translateComputeKernel
  api=14 insize=10393 outsize=19769 ok=1
Cmd: translateComputeKernel
  api=14 insize=8697 outsize=16413 ok=1
Cmd: translateComputeKernel
  api=14 insize=9261 outsize=17205 ok=1
Cmd: translateComputeKernel
  api=14 insize=10741 outsize=20265 ok=1
Cmd: translateComputeKernel
  api=14 insize=11337 outsize=22177 ok=1
Cmd: initializeCompiler
Cmd: initializeCompiler
Cmd: initializeCompiler
Cmd: initializeCompiler

Quitting shader compiler process
