Base path: /Applications/Unity/Hub/Editor/2018.3.6f1/Unity.app/Contents
Cmd: initializeCompiler
Cmd: compileComputeKernel
  api=14 insize=14379 outsize=110765 ok=1
Cmd: compileComputeKernel
  api=14 insize=14379 outsize=56357 ok=1
Cmd: compileComputeKernel
  api=14 insize=14379 outsize=73021 ok=1
Cmd: compileComputeKernel
  api=14 insize=14379 outsize=55641 ok=1
Cmd: compileComputeKernel
  api=14 insize=14379 outsize=57921 ok=1
Cmd: translateComputeKernel
  api=14 insize=100857 outsize=223533 ok=1
Cmd: translateComputeKernel
  api=14 insize=81549 outsize=172701 ok=1
Cmd: translateComputeKernel
  api=14 insize=61825 outsize=124813 ok=1
Cmd: translateComputeKernel
  api=14 insize=49961 outsize=97157 ok=1
Cmd: translateComputeKernel
  api=14 insize=83181 outsize=177685 ok=1
Cmd: compileComputeKernel
  api=14 insize=26814 outsize=18289 ok=1
Cmd: translateComputeKernel
  api=14 insize=16389 outsize=31941 ok=1
Cmd: translateComputeKernel
  api=14 insize=18293 outsize=35473 ok=1
Cmd: compileComputeKernel
  api=14 insize=1176 outsize=1357 ok=1
Cmd: compileComputeKernel
  api=14 insize=10881 outsize=10709 ok=1
Cmd: translateComputeKernel
  api=14 insize=11297 outsize=22357 ok=1
Cmd: compileComputeKernel
  api=14 insize=4845 outsize=5509 ok=1
Cmd: compileComputeKernel
  api=14 insize=6353 outsize=1889 ok=1
Cmd: compileComputeKernel
  api=14 insize=11900 outsize=12037 ok=1
Cmd: compileComputeKernel
  api=14 insize=18299 outsize=9953 ok=1
Cmd: translateComputeKernel
  api=14 insize=9721 outsize=16629 ok=1
Cmd: compileComputeKernel
  api=14 insize=19063 outsize=16557 ok=1
Cmd: translateComputeKernel
  api=14 insize=17109 outsize=34829 ok=1
Cmd: compileComputeKernel
  api=14 insize=20454 outsize=102597 ok=1
Cmd: translateComputeKernel
  api=14 insize=102597 outsize=625257 ok=1
Cmd: compileComputeKernel
  api=14 insize=34758 outsize=49153 ok=1
Cmd: compileComputeKernel
  api=14 insize=34758 outsize=48297 ok=1
Cmd: translateComputeKernel
  api=14 insize=45165 outsize=90381 ok=1
Cmd: translateComputeKernel
  api=14 insize=44249 outsize=88713 ok=1
Cmd: compileComputeKernel
  api=14 insize=16360 outsize=15893 ok=1
Cmd: translateComputeKernel
  api=14 insize=16893 outsize=19861 ok=1
Cmd: translateComputeKernel
  api=14 insize=11069 outsize=5521 ok=1
Cmd: compileComputeKernel
  api=14 insize=3506 outsize=8997 ok=1
Cmd: compileComputeKernel
  api=14 insize=16866 outsize=5777 ok=1
Cmd: compileComputeKernel
  api=14 insize=16866 outsize=6377 ok=1
Cmd: compileComputeKernel
  api=14 insize=16866 outsize=7265 ok=1
Cmd: compileComputeKernel
  api=14 insize=16866 outsize=9761 ok=1
Cmd: compileComputeKernel
  api=14 insize=16866 outsize=6845 ok=1
Cmd: compileComputeKernel
  api=14 insize=16866 outsize=7541 ok=1
Cmd: compileComputeKernel
  api=14 insize=16866 outsize=7445 ok=1
Cmd: compileComputeKernel
  api=14 insize=16866 outsize=8837 ok=1
Cmd: compileComputeKernel
  api=14 insize=16866 outsize=10705 ok=1
Cmd: compileComputeKernel
  api=14 insize=16866 outsize=11789 ok=1
Cmd: translateComputeKernel
  api=14 insize=5853 outsize=10397 ok=1
Cmd: translateComputeKernel
  api=14 insize=7113 outsize=12577 ok=1
Cmd: translateComputeKernel
  api=14 insize=8285 outsize=14941 ok=1
Cmd: translateComputeKernel
  api=14 insize=8881 outsize=16689 ok=1
Cmd: translateComputeKernel
  api=14 insize=8001 outsize=15013 ok=1
Cmd: translateComputeKernel
  api=14 insize=8565 outsize=15801 ok=1
Cmd: translateComputeKernel
  api=14 insize=10285 outsize=19329 ok=1
Cmd: translateComputeKernel
  api=14 insize=10881 outsize=21257 ok=1
Cmd: initializeCompiler
Cmd: initializeCompiler
Cmd: initializeCompiler
Cmd: initializeCompiler

Quitting shader compiler process
