Base path: C:/Program Files/Unity Editors/2018.3.3f1/Editor/Data
Cmd: initializeCompiler
Cmd: compileComputeKernel
  api=14 insize=14563 outsize=100377 ok=1
Cmd: compileComputeKernel
  api=14 insize=14563 outsize=31145 ok=1
Cmd: compileComputeKernel
  api=14 insize=14563 outsize=51529 ok=1
Cmd: compileComputeKernel
  api=14 insize=14563 outsize=59685 ok=1
Cmd: compileComputeKernel
  api=14 insize=14563 outsize=48001 ok=1
Cmd: compileComputeKernel
  api=14 insize=14563 outsize=55293 ok=1
Cmd: compileComputeKernel
  api=14 insize=14563 outsize=59629 ok=1
Cmd: compileComputeKernel
  api=14 insize=14563 outsize=47549 ok=1
Cmd: compileComputeKernel
  api=14 insize=14563 outsize=54841 ok=1
Cmd: compileComputeKernel
  api=14 insize=14563 outsize=31157 ok=1
Cmd: compileComputeKernel
  api=14 insize=14563 outsize=46825 ok=1
Cmd: compileComputeKernel
  api=14 insize=14563 outsize=41633 ok=1
Cmd: compileComputeKernel
  api=14 insize=14563 outsize=54069 ok=1
Cmd: compileComputeKernel
  api=14 insize=14563 outsize=61261 ok=1
Cmd: compileComputeKernel
  api=14 insize=14563 outsize=49681 ok=1
Cmd: compileComputeKernel
  api=14 insize=14563 outsize=44149 ok=1
Cmd: compileComputeKernel
  api=14 insize=14563 outsize=75129 ok=1
Cmd: compileComputeKernel
  api=14 insize=14563 outsize=55473 ok=1
Cmd: compileComputeKernel
  api=14 insize=14563 outsize=104457 ok=1
Cmd: compileComputeKernel
  api=4 insize=14563 outsize=21377 ok=1
Cmd: compileComputeKernel
  api=4 insize=14563 outsize=32153 ok=1
Cmd: compileComputeKernel
  api=4 insize=14563 outsize=40209 ok=1
Cmd: compileComputeKernel
  api=4 insize=14563 outsize=28669 ok=1
Cmd: compileComputeKernel
  api=4 insize=14563 outsize=56837 ok=1
Cmd: compileComputeKernel
  api=4 insize=14563 outsize=44097 ok=1
Cmd: translateComputeKernel
  api=14 insize=112717 outsize=253185 ok=1
Cmd: translateComputeKernel
  api=14 insize=43105 outsize=80541 ok=1
Cmd: translateComputeKernel
  api=14 insize=83381 outsize=181521 ok=1
Cmd: translateComputeKernel
  api=14 insize=60465 outsize=120573 ok=1
Cmd: translateComputeKernel
  api=14 insize=57073 outsize=113513 ok=1
Cmd: translateComputeKernel
  api=14 insize=43197 outsize=79241 ok=1
Cmd: translateComputeKernel
  api=14 insize=55557 outsize=109693 ok=1
Cmd: translateComputeKernel
  api=14 insize=32133 outsize=51105 ok=1
Cmd: translateComputeKernel
  api=14 insize=47661 outsize=92329 ok=1
Cmd: translateComputeKernel
  api=14 insize=42389 outsize=78837 ok=1
Cmd: translateComputeKernel
  api=14 insize=54785 outsize=109513 ok=1
Cmd: translateComputeKernel
  api=14 insize=61825 outsize=124813 ok=1
Cmd: translateComputeKernel
  api=14 insize=50517 outsize=97853 ok=1
Cmd: translateComputeKernel
  api=14 insize=56477 outsize=110889 ok=1
Cmd: translateComputeKernel
  api=14 insize=75845 outsize=159393 ok=1
Cmd: translateComputeKernel
  api=14 insize=44709 outsize=83369 ok=1
Cmd: translateComputeKernel
  api=14 insize=57181 outsize=114281 ok=1
Cmd: compileComputeKernel
  api=4 insize=14563 outsize=34929 ok=1
Cmd: compileComputeKernel
  api=4 insize=14563 outsize=59569 ok=1
Cmd: compileComputeKernel
  api=4 insize=14563 outsize=31209 ok=1
Cmd: compileComputeKernel
  api=4 insize=14563 outsize=59309 ok=1
Cmd: compileComputeKernel
  api=4 insize=14563 outsize=58413 ok=1
Cmd: compileComputeKernel
  api=4 insize=14563 outsize=69517 ok=1
Cmd: compileComputeKernel
  api=4 insize=14563 outsize=44141 ok=1
Cmd: compileComputeKernel
  api=4 insize=14563 outsize=32481 ok=1
Cmd: compileComputeKernel
  api=4 insize=14563 outsize=60921 ok=1
Cmd: compileComputeKernel
  api=14 insize=27467 outsize=17433 ok=1
Cmd: compileComputeKernel
  api=14 insize=27467 outsize=17617 ok=1
Cmd: compileComputeKernel
  api=14 insize=27467 outsize=749 ok=1
Cmd: compileComputeKernel
  api=4 insize=27467 outsize=13793 ok=1
Cmd: translateComputeKernel
  api=14 insize=17477 outsize=33909 ok=1
Cmd: translateComputeKernel
  api=14 insize=16389 outsize=31885 ok=1
Cmd: translateComputeKernel
  api=14 insize=18289 outsize=35381 ok=1
Cmd: translateComputeKernel
  api=14 insize=17865 outsize=34717 ok=1
Cmd: translateComputeKernel
  api=14 insize=1321 outsize=693 ok=1
Cmd: compileComputeKernel
  api=4 insize=27467 outsize=14253 ok=1
Cmd: compileComputeKernel
  api=4 insize=27467 outsize=15773 ok=1
Cmd: compileComputeKernel
  api=14 insize=2134 outsize=789 ok=1
Cmd: compileComputeKernel
  api=4 insize=2134 outsize=349 ok=1
Cmd: translateComputeKernel
  api=14 insize=841 outsize=785 ok=1
Cmd: compileComputeKernel
  api=14 insize=1226 outsize=1357 ok=1
Cmd: translateComputeKernel
  api=14 insize=1469 outsize=1585 ok=1
Cmd: compileComputeKernel
  api=4 insize=2863 outsize=47805 ok=1
Cmd: compileComputeKernel
  api=14 insize=11176 outsize=11297 ok=1
Cmd: translateComputeKernel
  api=14 insize=10709 outsize=18721 ok=1
Cmd: translateComputeKernel
  api=14 insize=11453 outsize=22669 ok=1
Cmd: compileComputeKernel
  api=4 insize=7616 outsize=5065 ok=1
Cmd: compileComputeKernel
  api=4 insize=7616 outsize=4897 ok=1
Cmd: compileComputeKernel
  api=14 insize=5022 outsize=5141 ok=1
Cmd: compileComputeKernel
  api=4 insize=5022 outsize=3733 ok=1
Cmd: compileComputeKernel
  api=4 insize=5022 outsize=5397 ok=1
Cmd: compileComputeKernel
  api=14 insize=3532 outsize=3445 ok=1
Cmd: translateComputeKernel
  api=14 insize=3265 outsize=5361 ok=1
Cmd: compileComputeKernel
  api=14 insize=6534 outsize=1889 ok=1
Cmd: compileComputeKernel
  api=4 insize=6534 outsize=1037 ok=1
Cmd: compileComputeKernel
  api=4 insize=6534 outsize=1341 ok=1
Cmd: translateComputeKernel
  api=14 insize=1889 outsize=2361 ok=1
Cmd: compileComputeKernel
  api=14 insize=18731 outsize=9533 ok=1
Cmd: compileComputeKernel
  api=14 insize=18731 outsize=9405 ok=1
Cmd: compileComputeKernel
  api=14 insize=18731 outsize=11489 ok=1
Cmd: compileComputeKernel
  api=4 insize=18731 outsize=8681 ok=1
Cmd: compileComputeKernel
  api=4 insize=18731 outsize=8553 ok=1
Cmd: compileComputeKernel
  api=4 insize=18731 outsize=10769 ok=1
Cmd: compileComputeKernel
  api=4 insize=1611 outsize=961 ok=1
Cmd: translateComputeKernel
  api=14 insize=1497 outsize=1785 ok=1
Cmd: compileComputeKernel
  api=14 insize=19561 outsize=15925 ok=1
Cmd: compileComputeKernel
  api=14 insize=19561 outsize=16573 ok=1
Cmd: compileComputeKernel
  api=4 insize=19561 outsize=13729 ok=1
Cmd: compileComputeKernel
  api=4 insize=19561 outsize=14613 ok=1
Cmd: compileComputeKernel
  api=4 insize=19561 outsize=15261 ok=1
Cmd: compileComputeKernel
  api=14 insize=5591 outsize=7001 ok=1
Cmd: translateComputeKernel
  api=14 insize=7001 outsize=13513 ok=1
Cmd: compileComputeKernel
  api=14 insize=22288 outsize=22213 ok=1
Cmd: translateComputeKernel
  api=14 insize=22213 outsize=50645 ok=1
Cmd: compileComputeKernel
  api=4 insize=2595 outsize=2573 ok=1
Cmd: compileComputeKernel
  api=4 insize=2953 outsize=1329 ok=1
Cmd: translateComputeKernel
  api=14 insize=853 outsize=785 ok=1
Cmd: compileComputeKernel
  api=4 insize=1864 outsize=1389 ok=1
Cmd: translateComputeKernel
  api=14 insize=1145 outsize=1433 ok=1
Cmd: compileComputeKernel
  api=4 insize=711 outsize=573 ok=1
Cmd: compileComputeKernel
  api=4 insize=711 outsize=573 ok=1
Cmd: compileComputeKernel
  api=14 insize=1631 outsize=7445 ok=1
Cmd: translateComputeKernel
  api=14 insize=7445 outsize=12917 ok=1
Cmd: compileComputeKernel
  api=14 insize=20933 outsize=34873 ok=1
Cmd: compileComputeKernel
  api=4 insize=20933 outsize=95033 ok=1
Cmd: compileComputeKernel
  api=14 insize=35447 outsize=46829 ok=1
Cmd: compileComputeKernel
  api=14 insize=35447 outsize=48297 ok=1
Cmd: compileComputeKernel
  api=14 insize=35447 outsize=46829 ok=1
Cmd: compileComputeKernel
  api=14 insize=35447 outsize=48297 ok=1
Cmd: compileComputeKernel
  api=4 insize=35447 outsize=33693 ok=1
Cmd: translateComputeKernel
  api=14 insize=45425 outsize=91709 ok=1
Cmd: compileComputeKernel
  api=4 insize=35447 outsize=34501 ok=1
Cmd: compileComputeKernel
  api=4 insize=35447 outsize=35961 ok=1
Cmd: compileComputeKernel
  api=4 insize=35447 outsize=32065 ok=1
Cmd: compileComputeKernel
  api=4 insize=8512 outsize=2945 ok=1
Cmd: compileComputeKernel
  api=14 insize=16724 outsize=15893 ok=1
Cmd: compileComputeKernel
  api=4 insize=16724 outsize=7029 ok=1
Cmd: compileComputeKernel
  api=4 insize=14244 outsize=6181 ok=1
Cmd: translateComputeKernel
  api=14 insize=14729 outsize=13397 ok=1
Cmd: compileComputeKernel
  api=14 insize=1505 outsize=2077 ok=1
Cmd: translateComputeKernel
  api=14 insize=2077 outsize=3273 ok=1
Cmd: compileComputeKernel
  api=14 insize=2120 outsize=1509 ok=1
Cmd: compileComputeKernel
  api=4 insize=2120 outsize=1037 ok=1
Cmd: compileComputeKernel
  api=14 insize=3590 outsize=8997 ok=1
Cmd: translateComputeKernel
  api=14 insize=8801 outsize=2593 ok=1
Cmd: compileComputeKernel
  api=14 insize=17177 outsize=6089 ok=1
Cmd: compileComputeKernel
  api=14 insize=17177 outsize=7481 ok=1
Cmd: compileComputeKernel
  api=14 insize=17177 outsize=6689 ok=1
Cmd: compileComputeKernel
  api=14 insize=17177 outsize=8081 ok=1
Cmd: compileComputeKernel
  api=14 insize=17177 outsize=8249 ok=1
Cmd: compileComputeKernel
  api=14 insize=17177 outsize=10217 ok=1
Cmd: compileComputeKernel
  api=14 insize=17177 outsize=9333 ok=1
Cmd: compileComputeKernel
  api=14 insize=17177 outsize=10993 ok=1
Cmd: compileComputeKernel
  api=14 insize=17177 outsize=8933 ok=1
Cmd: compileComputeKernel
  api=14 insize=17177 outsize=8837 ok=1
Cmd: compileComputeKernel
  api=14 insize=17177 outsize=8737 ok=1
Cmd: compileComputeKernel
  api=14 insize=17177 outsize=10249 ok=1
Cmd: compileComputeKernel
  api=14 insize=17177 outsize=11909 ok=1
Cmd: compileComputeKernel
  api=14 insize=17177 outsize=11789 ok=1
Cmd: compileComputeKernel
  api=4 insize=17177 outsize=5425 ok=1
Cmd: compileComputeKernel
  api=4 insize=17177 outsize=6121 ok=1
Cmd: compileComputeKernel
  api=4 insize=17177 outsize=6893 ok=1
Cmd: compileComputeKernel
  api=4 insize=17177 outsize=5929 ok=1
Cmd: compileComputeKernel
  api=4 insize=17177 outsize=7321 ok=1
Cmd: compileComputeKernel
  api=4 insize=17177 outsize=7485 ok=1
Cmd: compileComputeKernel
  api=4 insize=17177 outsize=9453 ok=1
Cmd: compileComputeKernel
  api=4 insize=17177 outsize=8317 ok=1
Cmd: compileComputeKernel
  api=4 insize=17177 outsize=9977 ok=1
Cmd: compileComputeKernel
  api=4 insize=17177 outsize=8269 ok=1
Cmd: compileComputeKernel
  api=4 insize=17177 outsize=7765 ok=1
Cmd: compileComputeKernel
  api=4 insize=17177 outsize=8849 ok=1
Cmd: compileComputeKernel
  api=4 insize=17177 outsize=9941 ok=1
Cmd: compileComputeKernel
  api=4 insize=17177 outsize=8277 ok=1
Cmd: compileComputeKernel
  api=4 insize=17177 outsize=9261 ok=1
Cmd: compileComputeKernel
  api=4 insize=17177 outsize=11229 ok=1
Cmd: compileComputeKernel
  api=14 insize=3223 outsize=5045 ok=1
Cmd: translateComputeKernel
  api=14 insize=5113 outsize=9205 ok=1
Cmd: initializeCompiler
Cmd: initializeCompiler
Cmd: initializeCompiler
Cmd: initializeCompiler
Cmd: initializeCompiler
Cmd: initializeCompiler
Cmd: initializeCompiler
Cmd: initializeCompiler
Cmd: initializeCompiler
Cmd: initializeCompiler
Cmd: initializeCompiler
Cmd: initializeCompiler
Cmd: initializeCompiler
Cmd: initializeCompiler
Cmd: initializeCompiler
Cmd: initializeCompiler
Cmd: initializeCompiler
Cmd: initializeCompiler
Cmd: initializeCompiler
Cmd: initializeCompiler
Cmd: initializeCompiler
Cmd: initializeCompiler
Cmd: initializeCompiler
Cmd: initializeCompiler
Cmd: initializeCompiler
