Base path: /Applications/Unity/Hub/Editor/2018.3.6f1/Unity.app/Contents
Cmd: initializeCompiler
Cmd: compileComputeKernel
  api=14 insize=14379 outsize=102313 ok=1
Cmd: compileComputeKernel
  api=14 insize=14379 outsize=47477 ok=1
Cmd: compileComputeKernel
  api=14 insize=14379 outsize=47549 ok=1
Cmd: compileComputeKernel
  api=14 insize=14379 outsize=31157 ok=1
Cmd: compileComputeKernel
  api=14 insize=14379 outsize=54069 ok=1
Cmd: compileComputeKernel
  api=14 insize=14379 outsize=84705 ok=1
Cmd: compileComputeKernel
  api=14 insize=14379 outsize=56465 ok=1
Cmd: translateComputeKernel
  api=14 insize=112717 outsize=253273 ok=1
Cmd: translateComputeKernel
  api=14 insize=50517 outsize=97865 ok=1
Cmd: translateComputeKernel
  api=14 insize=57701 outsize=115217 ok=1
Cmd: translateComputeKernel
  api=14 insize=50045 outsize=97129 ok=1
Cmd: translateComputeKernel
  api=14 insize=104865 outsize=244305 ok=1
Cmd: compileComputeKernel
  api=14 insize=26814 outsize=17865 ok=1
Cmd: translateComputeKernel
  api=14 insize=17661 outsize=34409 ok=1
Cmd: compileComputeKernel
  api=14 insize=2780 outsize=48553 ok=1
Cmd: compileComputeKernel
  api=14 insize=10881 outsize=11453 ok=1
Cmd: translateComputeKernel
  api=14 insize=11453 outsize=22673 ok=1
Cmd: translateComputeKernel
  api=14 insize=13169 outsize=10777 ok=1
Cmd: translateComputeKernel
  api=14 insize=5765 outsize=8357 ok=1
Cmd: translateComputeKernel
  api=14 insize=7005 outsize=13553 ok=1
Cmd: compileComputeKernel
  api=14 insize=18299 outsize=9533 ok=1
Cmd: translateComputeKernel
  api=14 insize=9397 outsize=16205 ok=1
Cmd: translateComputeKernel
  api=14 insize=11489 outsize=25117 ok=1
Cmd: compileComputeKernel
  api=14 insize=19063 outsize=17045 ok=1
Cmd: translateComputeKernel
  api=14 insize=17693 outsize=36057 ok=1
Cmd: compileComputeKernel
  api=14 insize=2867 outsize=793 ok=1
Cmd: compileComputeKernel
  api=14 insize=692 outsize=1093 ok=1
Cmd: translateComputeKernel
  api=14 insize=1093 outsize=1081 ok=1
Cmd: translateComputeKernel
  api=14 insize=7445 outsize=12969 ok=1
Cmd: translateComputeKernel
  api=14 insize=34869 outsize=60753 ok=1
Cmd: compileComputeKernel
  api=14 insize=34758 outsize=44957 ok=1
Cmd: compileComputeKernel
  api=14 insize=34758 outsize=44957 ok=1
Cmd: translateComputeKernel
  api=14 insize=47785 outsize=95665 ok=1
Cmd: translateComputeKernel
  api=14 insize=48381 outsize=96833 ok=1
Cmd: compileComputeKernel
  api=14 insize=16360 outsize=16841 ok=1
Cmd: translateComputeKernel
  api=14 insize=9061 outsize=3357 ok=1
Cmd: compileComputeKernel
  api=14 insize=16866 outsize=7557 ok=1
Cmd: compileComputeKernel
  api=14 insize=16866 outsize=7793 ok=1
Cmd: compileComputeKernel
  api=14 insize=16866 outsize=10437 ok=1
Cmd: compileComputeKernel
  api=14 insize=16866 outsize=8237 ok=1
Cmd: compileComputeKernel
  api=14 insize=16866 outsize=8525 ok=1
Cmd: compileComputeKernel
  api=14 insize=16866 outsize=9721 ok=1
Cmd: compileComputeKernel
  api=14 insize=16866 outsize=10277 ok=1
Cmd: translateComputeKernel
  api=14 insize=7633 outsize=13989 ok=1
Cmd: translateComputeKernel
  api=14 insize=8121 outsize=14621 ok=1
Cmd: translateComputeKernel
  api=14 insize=10473 outsize=19273 ok=1
Cmd: translateComputeKernel
  api=14 insize=10849 outsize=20705 ok=1
Cmd: translateComputeKernel
  api=14 insize=7485 outsize=13565 ok=1
Cmd: translateComputeKernel
  api=14 insize=9649 outsize=17817 ok=1
Cmd: translateComputeKernel
  api=14 insize=11725 outsize=22265 ok=1
Cmd: translateComputeKernel
  api=14 insize=12321 outsize=24173 ok=1
Cmd: translateComputeKernel
  api=14 insize=5113 outsize=9205 ok=1
Cmd: initializeCompiler
Cmd: initializeCompiler
Cmd: initializeCompiler
Cmd: initializeCompiler

Quitting shader compiler process
