Base path: /Applications/Unity/Hub/Editor/2018.3.3f1/Unity.app/Contents
Cmd: initializeCompiler
Cmd: compileComputeKernel
  api=14 insize=14379 outsize=40133 ok=1
Cmd: compileComputeKernel
  api=14 insize=14379 outsize=70565 ok=1
Cmd: compileComputeKernel
  api=14 insize=14379 outsize=54117 ok=1
Cmd: compileComputeKernel
  api=14 insize=14379 outsize=43337 ok=1
Cmd: compileComputeKernel
  api=14 insize=14379 outsize=42441 ok=1
Cmd: compileComputeKernel
  api=14 insize=14379 outsize=46825 ok=1
Cmd: compileComputeKernel
  api=14 insize=14379 outsize=53697 ok=1
Cmd: compileComputeKernel
  api=14 insize=14379 outsize=55641 ok=1
Cmd: compileComputeKernel
  api=14 insize=14379 outsize=57921 ok=1
Cmd: compileComputeKernel
  api=14 insize=14379 outsize=104457 ok=1
Cmd: translateComputeKernel
  api=14 insize=46017 outsize=87581 ok=1
Cmd: translateComputeKernel
  api=14 insize=52473 outsize=107385 ok=1
Cmd: translateComputeKernel
  api=14 insize=54953 outsize=106945 ok=1
Cmd: translateComputeKernel
  api=14 insize=56009 outsize=110473 ok=1
Cmd: translateComputeKernel
  api=14 insize=60465 outsize=120573 ok=1
Cmd: translateComputeKernel
  api=14 insize=54805 outsize=106305 ok=1
Cmd: translateComputeKernel
  api=14 insize=32133 outsize=51105 ok=1
Cmd: translateComputeKernel
  api=14 insize=53869 outsize=105941 ok=1
Cmd: translateComputeKernel
  api=14 insize=72929 outsize=153721 ok=1
Cmd: translateComputeKernel
  api=14 insize=49961 outsize=97145 ok=1
Cmd: translateComputeKernel
  api=14 insize=83181 outsize=177565 ok=1
Cmd: compileComputeKernel
  api=14 insize=26814 outsize=17661 ok=1
Cmd: translateComputeKernel
  api=14 insize=17661 outsize=34353 ok=1
Cmd: translateComputeKernel
  api=14 insize=1321 outsize=693 ok=1
Cmd: compileComputeKernel
  api=14 insize=2059 outsize=2129 ok=1
Cmd: compileComputeKernel
  api=14 insize=10881 outsize=11453 ok=1
Cmd: compileComputeKernel
  api=14 insize=4845 outsize=7289 ok=1
Cmd: compileComputeKernel
  api=14 insize=3396 outsize=3445 ok=1
Cmd: translateComputeKernel
  api=14 insize=3265 outsize=5361 ok=1
Cmd: translateComputeKernel
  api=14 insize=1545 outsize=1745 ok=1
Cmd: compileComputeKernel
  api=14 insize=18299 outsize=9533 ok=1
Cmd: translateComputeKernel
  api=14 insize=9397 outsize=16197 ok=1
Cmd: compileComputeKernel
  api=14 insize=19063 outsize=16557 ok=1
Cmd: translateComputeKernel
  api=14 insize=16557 outsize=33897 ok=1
Cmd: translateComputeKernel
  api=14 insize=22213 outsize=50645 ok=1
Cmd: translateComputeKernel
  api=14 insize=102597 outsize=625249 ok=1
Cmd: compileComputeKernel
  api=14 insize=34758 outsize=48297 ok=1
Cmd: compileComputeKernel
  api=14 insize=34758 outsize=48297 ok=1
Cmd: translateComputeKernel
  api=14 insize=48381 outsize=96765 ok=1
Cmd: translateComputeKernel
  api=14 insize=46289 outsize=93145 ok=1
Cmd: compileComputeKernel
  api=14 insize=16360 outsize=15893 ok=1
Cmd: compileComputeKernel
  api=14 insize=16866 outsize=6089 ok=1
Cmd: compileComputeKernel
  api=14 insize=16866 outsize=6689 ok=1
Cmd: compileComputeKernel
  api=14 insize=16866 outsize=8249 ok=1
Cmd: compileComputeKernel
  api=14 insize=16866 outsize=8805 ok=1
Cmd: compileComputeKernel
  api=14 insize=16866 outsize=6845 ok=1
Cmd: compileComputeKernel
  api=14 insize=16866 outsize=7925 ok=1
Cmd: compileComputeKernel
  api=14 insize=16866 outsize=7829 ok=1
Cmd: compileComputeKernel
  api=14 insize=16866 outsize=9609 ok=1
Cmd: compileComputeKernel
  api=14 insize=16866 outsize=9293 ok=1
Cmd: compileComputeKernel
  api=14 insize=16866 outsize=11261 ok=1
Cmd: translateComputeKernel
  api=14 insize=6549 outsize=11821 ok=1
Cmd: translateComputeKernel
  api=14 insize=7113 outsize=12565 ok=1
Cmd: translateComputeKernel
  api=14 insize=8813 outsize=15925 ok=1
Cmd: translateComputeKernel
  api=14 insize=9409 outsize=17757 ok=1
Cmd: translateComputeKernel
  api=14 insize=8313 outsize=15629 ok=1
Cmd: translateComputeKernel
  api=14 insize=8877 outsize=16421 ok=1
Cmd: translateComputeKernel
  api=14 insize=10741 outsize=20241 ok=1
Cmd: translateComputeKernel
  api=14 insize=11337 outsize=22157 ok=1
Cmd: initializeCompiler

Quitting shader compiler process
