Base path: C:/Program Files/Unity Editors/2018.3.3f1/Editor/Data
Cmd: initializeCompiler
Cmd: compileComputeKernel
  api=14 insize=14563 outsize=110765 ok=1
Cmd: compileComputeKernel
  api=14 insize=14563 outsize=52457 ok=1
Cmd: compileComputeKernel
  api=14 insize=14563 outsize=42621 ok=1
Cmd: compileComputeKernel
  api=14 insize=14563 outsize=82973 ok=1
Cmd: compileComputeKernel
  api=14 insize=14563 outsize=56357 ok=1
Cmd: compileComputeKernel
  api=14 insize=14563 outsize=53969 ok=1
Cmd: compileComputeKernel
  api=14 insize=14563 outsize=102629 ok=1
Cmd: compileComputeKernel
  api=14 insize=14563 outsize=55641 ok=1
Cmd: compileComputeKernel
  api=14 insize=14563 outsize=49125 ok=1
Cmd: compileComputeKernel
  api=14 insize=14563 outsize=44781 ok=1
Cmd: compileComputeKernel
  api=14 insize=14563 outsize=57921 ok=1
Cmd: compileComputeKernel
  api=14 insize=14563 outsize=43953 ok=1
Cmd: compileComputeKernel
  api=14 insize=14563 outsize=74637 ok=1
Cmd: compileComputeKernel
  api=4 insize=14563 outsize=94893 ok=1
Cmd: compileComputeKernel
  api=4 insize=14563 outsize=38733 ok=1
Cmd: compileComputeKernel
  api=4 insize=14563 outsize=37501 ok=1
Cmd: compileComputeKernel
  api=4 insize=14563 outsize=48265 ok=1
Cmd: translateComputeKernel
  api=14 insize=110837 outsize=247897 ok=1
Cmd: translateComputeKernel
  api=14 insize=32121 outsize=51093 ok=1
Cmd: translateComputeKernel
  api=14 insize=46017 outsize=87581 ok=1
Cmd: translateComputeKernel
  api=14 insize=52365 outsize=102009 ok=1
Cmd: translateComputeKernel
  api=14 insize=40889 outsize=74669 ok=1
Cmd: translateComputeKernel
  api=14 insize=71281 outsize=149381 ok=1
Cmd: translateComputeKernel
  api=14 insize=60249 outsize=120705 ok=1
Cmd: translateComputeKernel
  api=14 insize=48837 outsize=93069 ok=1
Cmd: translateComputeKernel
  api=14 insize=43385 outsize=79405 ok=1
Cmd: translateComputeKernel
  api=14 insize=56009 outsize=110473 ok=1
Cmd: translateComputeKernel
  api=14 insize=48313 outsize=92641 ok=1
Cmd: translateComputeKernel
  api=14 insize=44093 outsize=81957 ok=1
Cmd: translateComputeKernel
  api=14 insize=81549 outsize=172693 ok=1
Cmd: translateComputeKernel
  api=14 insize=103037 outsize=238841 ok=1
Cmd: translateComputeKernel
  api=14 insize=49961 outsize=97145 ok=1
Cmd: translateComputeKernel
  api=14 insize=61981 outsize=124385 ok=1
Cmd: translateComputeKernel
  api=14 insize=50045 outsize=97117 ok=1
Cmd: translateComputeKernel
  api=14 insize=75353 outsize=158337 ok=1
Cmd: compileComputeKernel
  api=4 insize=14563 outsize=31153 ok=1
Cmd: compileComputeKernel
  api=4 insize=14563 outsize=34525 ok=1
Cmd: compileComputeKernel
  api=4 insize=14563 outsize=31889 ok=1
Cmd: compileComputeKernel
  api=4 insize=14563 outsize=67149 ok=1
Cmd: compileComputeKernel
  api=4 insize=14563 outsize=41665 ok=1
Cmd: compileComputeKernel
  api=4 insize=14563 outsize=40345 ok=1
Cmd: compileComputeKernel
  api=4 insize=14563 outsize=32605 ok=1
Cmd: compileComputeKernel
  api=4 insize=14563 outsize=45837 ok=1
Cmd: compileComputeKernel
  api=4 insize=14563 outsize=32609 ok=1
Cmd: compileComputeKernel
  api=4 insize=14563 outsize=36097 ok=1
Cmd: compileComputeKernel
  api=4 insize=14563 outsize=33289 ok=1
Cmd: compileComputeKernel
  api=4 insize=14563 outsize=68673 ok=1
Cmd: compileComputeKernel
  api=14 insize=27467 outsize=15721 ok=1
Cmd: compileComputeKernel
  api=14 insize=27467 outsize=18065 ok=1
Cmd: compileComputeKernel
  api=14 insize=27467 outsize=18249 ok=1
Cmd: compileComputeKernel
  api=4 insize=27467 outsize=15569 ok=1
Cmd: compileComputeKernel
  api=4 insize=27467 outsize=15525 ok=1
Cmd: compileComputeKernel
  api=4 insize=27467 outsize=301 ok=1
Cmd: compileComputeKernel
  api=4 insize=2134 outsize=1517 ok=1
Cmd: compileComputeKernel
  api=4 insize=2776 outsize=1517 ok=1
Cmd: translateComputeKernel
  api=14 insize=8969 outsize=2965 ok=1
Cmd: compileComputeKernel
  api=14 insize=1226 outsize=1433 ok=1
Cmd: compileComputeKernel
  api=4 insize=1226 outsize=781 ok=1
Cmd: compileComputeKernel
  api=14 insize=2863 outsize=48933 ok=1
Cmd: compileComputeKernel
  api=4 insize=2863 outsize=48145 ok=1
Cmd: compileComputeKernel
  api=14 insize=11176 outsize=10709 ok=1
Cmd: compileComputeKernel
  api=4 insize=11176 outsize=9693 ok=1
Cmd: translateComputeKernel
  api=14 insize=10553 outsize=18421 ok=1
Cmd: translateComputeKernel
  api=14 insize=11297 outsize=22353 ok=1
Cmd: compileComputeKernel
  api=14 insize=7616 outsize=13073 ok=1
Cmd: translateComputeKernel
  api=14 insize=13073 outsize=10309 ok=1
Cmd: compileComputeKernel
  api=14 insize=5022 outsize=10953 ok=1
Cmd: translateComputeKernel
  api=14 insize=5397 outsize=7573 ok=1
Cmd: translateComputeKernel
  api=14 insize=11209 outsize=18525 ok=1
Cmd: compileComputeKernel
  api=4 insize=3532 outsize=2581 ok=1
Cmd: compileComputeKernel
  api=4 insize=3532 outsize=2681 ok=1
Cmd: compileComputeKernel
  api=14 insize=6534 outsize=7005 ok=1
Cmd: translateComputeKernel
  api=14 insize=7005 outsize=13541 ok=1
Cmd: compileComputeKernel
  api=14 insize=1792 outsize=2673 ok=1
Cmd: translateComputeKernel
  api=14 insize=2673 outsize=4529 ok=1
Cmd: compileComputeKernel
  api=14 insize=12214 outsize=12037 ok=1
Cmd: compileComputeKernel
  api=14 insize=18731 outsize=9721 ok=1
Cmd: compileComputeKernel
  api=14 insize=18731 outsize=11321 ok=1
Cmd: compileComputeKernel
  api=4 insize=18731 outsize=8545 ok=1
Cmd: compileComputeKernel
  api=4 insize=18731 outsize=8925 ok=1
Cmd: translateComputeKernel
  api=14 insize=11321 outsize=24633 ok=1
Cmd: translateComputeKernel
  api=14 insize=11797 outsize=25309 ok=1
Cmd: compileComputeKernel
  api=4 insize=18731 outsize=10549 ok=1
Cmd: compileComputeKernel
  api=14 insize=19561 outsize=16557 ok=1
Cmd: compileComputeKernel
  api=14 insize=19561 outsize=17205 ok=1
Cmd: compileComputeKernel
  api=4 insize=19561 outsize=14241 ok=1
Cmd: compileComputeKernel
  api=4 insize=19561 outsize=14889 ok=1
Cmd: compileComputeKernel
  api=4 insize=5591 outsize=6445 ok=1
Cmd: compileComputeKernel
  api=14 insize=22288 outsize=22297 ok=1
Cmd: translateComputeKernel
  api=14 insize=22297 outsize=50765 ok=1
Cmd: compileComputeKernel
  api=14 insize=2953 outsize=793 ok=1
Cmd: compileComputeKernel
  api=4 insize=2953 outsize=353 ok=1
Cmd: compileComputeKernel
  api=14 insize=1864 outsize=2001 ok=1
Cmd: translateComputeKernel
  api=14 insize=2001 outsize=3541 ok=1
Cmd: compileComputeKernel
  api=14 insize=711 outsize=1093 ok=1
Cmd: translateComputeKernel
  api=14 insize=1093 outsize=1081 ok=1
Cmd: compileComputeKernel
  api=14 insize=20933 outsize=102597 ok=1
Cmd: translateComputeKernel
  api=14 insize=34869 outsize=60745 ok=1
Cmd: translateComputeKernel
  api=14 insize=34873 outsize=60749 ok=1
Cmd: translateComputeKernel
  api=14 insize=102601 outsize=625253 ok=1
Cmd: compileComputeKernel
  api=14 insize=35447 outsize=44645 ok=1
Cmd: compileComputeKernel
  api=14 insize=35447 outsize=45861 ok=1
Cmd: compileComputeKernel
  api=14 insize=35447 outsize=44645 ok=1
Cmd: compileComputeKernel
  api=14 insize=35447 outsize=45861 ok=1
Cmd: compileComputeKernel
  api=4 insize=35447 outsize=31513 ok=1
Cmd: translateComputeKernel
  api=14 insize=45425 outsize=91709 ok=1
Cmd: translateComputeKernel
  api=14 insize=48381 outsize=96765 ok=1
Cmd: translateComputeKernel
  api=14 insize=45165 outsize=90353 ok=1
Cmd: translateComputeKernel
  api=14 insize=46289 outsize=93145 ok=1
Cmd: compileComputeKernel
  api=4 insize=35447 outsize=32065 ok=1
Cmd: compileComputeKernel
  api=4 insize=35447 outsize=30721 ok=1
Cmd: compileComputeKernel
  api=4 insize=35447 outsize=34501 ok=1
Cmd: compileComputeKernel
  api=4 insize=35447 outsize=35961 ok=1
Cmd: compileComputeKernel
  api=14 insize=8512 outsize=3417 ok=1
Cmd: translateComputeKernel
  api=14 insize=3417 outsize=6401 ok=1
Cmd: compileComputeKernel
  api=14 insize=16724 outsize=15893 ok=1
Cmd: compileComputeKernel
  api=4 insize=16724 outsize=7029 ok=1
Cmd: compileComputeKernel
  api=14 insize=14244 outsize=10573 ok=1
Cmd: compileComputeKernel
  api=4 insize=14244 outsize=2265 ok=1
Cmd: compileComputeKernel
  api=14 insize=1505 outsize=1193 ok=1
Cmd: compileComputeKernel
  api=4 insize=1505 outsize=597 ok=1
Cmd: compileComputeKernel
  api=14 insize=2120 outsize=1505 ok=1
Cmd: translateComputeKernel
  api=14 insize=1505 outsize=2277 ok=1
Cmd: compileComputeKernel
  api=4 insize=3590 outsize=1321 ok=1
Cmd: compileComputeKernel
  api=4 insize=3590 outsize=1685 ok=1
Cmd: compileComputeKernel
  api=14 insize=17177 outsize=5393 ok=1
Cmd: compileComputeKernel
  api=14 insize=17177 outsize=6785 ok=1
Cmd: compileComputeKernel
  api=14 insize=17177 outsize=5993 ok=1
Cmd: compileComputeKernel
  api=14 insize=17177 outsize=7073 ok=1
Cmd: compileComputeKernel
  api=14 insize=17177 outsize=8157 ok=1
Cmd: compileComputeKernel
  api=14 insize=17177 outsize=9233 ok=1
Cmd: compileComputeKernel
  api=14 insize=17177 outsize=7821 ok=1
Cmd: compileComputeKernel
  api=14 insize=17177 outsize=8805 ok=1
Cmd: compileComputeKernel
  api=14 insize=17177 outsize=10773 ok=1
Cmd: compileComputeKernel
  api=14 insize=17177 outsize=7925 ok=1
Cmd: compileComputeKernel
  api=14 insize=17177 outsize=9009 ok=1
Cmd: compileComputeKernel
  api=14 insize=17177 outsize=9221 ok=1
Cmd: compileComputeKernel
  api=14 insize=17177 outsize=9265 ok=1
Cmd: compileComputeKernel
  api=14 insize=17177 outsize=11233 ok=1
Cmd: compileComputeKernel
  api=14 insize=17177 outsize=9821 ok=1
Cmd: compileComputeKernel
  api=14 insize=17177 outsize=11261 ok=1
Cmd: compileComputeKernel
  api=4 insize=17177 outsize=4729 ok=1
Cmd: compileComputeKernel
  api=4 insize=17177 outsize=5113 ok=1
Cmd: compileComputeKernel
  api=4 insize=17177 outsize=5809 ok=1
Cmd: compileComputeKernel
  api=4 insize=17177 outsize=6817 ok=1
Cmd: translateComputeKernel
  api=14 insize=8697 outsize=16397 ok=1
Cmd: translateComputeKernel
  api=14 insize=7485 outsize=13545 ok=1
Cmd: translateComputeKernel
  api=14 insize=8565 outsize=15781 ok=1
Cmd: translateComputeKernel
  api=14 insize=9649 outsize=17797 ok=1
Cmd: translateComputeKernel
  api=14 insize=9301 outsize=17289 ok=1
Cmd: translateComputeKernel
  api=14 insize=10741 outsize=20241 ok=1
Cmd: translateComputeKernel
  api=14 insize=11945 outsize=22421 ok=1
Cmd: translateComputeKernel
  api=14 insize=10353 outsize=20137 ok=1
Cmd: translateComputeKernel
  api=14 insize=11865 outsize=23233 ok=1
Cmd: compileComputeKernel
  api=4 insize=17177 outsize=5233 ok=1
Cmd: compileComputeKernel
  api=4 insize=17177 outsize=6625 ok=1
Cmd: compileComputeKernel
  api=4 insize=17177 outsize=6501 ok=1
Cmd: compileComputeKernel
  api=4 insize=17177 outsize=8013 ok=1
Cmd: compileComputeKernel
  api=4 insize=17177 outsize=9673 ok=1
Cmd: compileComputeKernel
  api=4 insize=17177 outsize=9301 ok=1
Cmd: compileComputeKernel
  api=4 insize=17177 outsize=6565 ok=1
Cmd: compileComputeKernel
  api=4 insize=17177 outsize=7573 ok=1
Cmd: compileComputeKernel
  api=4 insize=17177 outsize=6685 ok=1
Cmd: compileComputeKernel
  api=4 insize=17177 outsize=7381 ok=1
Cmd: compileComputeKernel
  api=4 insize=17177 outsize=8773 ok=1
Cmd: compileComputeKernel
  api=4 insize=17177 outsize=8957 ok=1
Cmd: compileComputeKernel
  api=4 insize=17177 outsize=10925 ok=1
Cmd: compileComputeKernel
  api=4 insize=17177 outsize=9789 ok=1
Cmd: compileComputeKernel
  api=4 insize=17177 outsize=11449 ok=1
Cmd: compileComputeKernel
  api=4 insize=3223 outsize=4233 ok=1
Cmd: compileComputeKernel
  api=4 insize=3223 outsize=4301 ok=1
Cmd: compileComputeKernel
  api=14 insize=1212 outsize=873 ok=1
Cmd: translateComputeKernel
  api=14 insize=873 outsize=1513 ok=1
Cmd: initializeCompiler
Cmd: initializeCompiler
Cmd: initializeCompiler
Cmd: initializeCompiler
Cmd: initializeCompiler
Cmd: initializeCompiler
Cmd: initializeCompiler
Cmd: initializeCompiler
Cmd: initializeCompiler
Cmd: initializeCompiler
Cmd: initializeCompiler
Cmd: initializeCompiler
Cmd: initializeCompiler
Cmd: initializeCompiler
Cmd: initializeCompiler
Cmd: initializeCompiler
Cmd: initializeCompiler
Cmd: initializeCompiler
Cmd: initializeCompiler
Cmd: initializeCompiler
Cmd: initializeCompiler
Cmd: initializeCompiler
Cmd: initializeCompiler
Cmd: initializeCompiler
Cmd: initializeCompiler
